<?xml version="1.0" encoding="UTF-8"?>
<!-- Generated by org.testng.reporters.JUnitReportReporter -->
<testsuite hostname="DESKTOP-9F32KCL" failures="0" tests="1" name="com.browser.AppLog" time="120.093" errors="0" timestamp="2024-06-20T13:05:21 IST" skipped="0">
  <testcase classname="com.browser.AppLog" name="login_Test" time="120.093"/>
</testsuite> <!-- com.browser.AppLog -->
